<?xml version="1.0" encoding="UTF-8"?>
<testsuite xmlns:xsi="http://www.w3.org/2001/XMLSchema-instance" xsi:noNamespaceSchemaLocation="https://maven.apache.org/surefire/maven-surefire-plugin/xsd/surefire-test-report-3.0.xsd" version="3.0" name="org.gic.CinemaBookingSystemTest" time="0.114" tests="7" errors="0" skipped="0" failures="0">
  <properties>
[...]
</properties>
  <testcase name="testMain_InvalidInputInitialization" classname="org.gic.CinemaBookingSystemTest" time="0.046"/>
  <testcase name="testMain_ExitOption" classname="org.gic.CinemaBookingSystemTest" time="0.008"/>
  <testcase name="testMain_ValidBookingFlowWithInvalidSeatSelection" classname="org.gic.CinemaBookingSystemTest" time="0.018"/>
  <testcase name="testMain_SeatsNotAvailable" classname="org.gic.CinemaBookingSystemTest" time="0.006"/>
  <testcase name="testMain_ValidBookingFlowWithDefaultSeatSelection" classname="org.gic.CinemaBookingSystemTest" time="0.004"/>
  <testcase name="testMain_ValidInputInitialization" classname="org.gic.CinemaBookingSystemTest" time="0.0"/>
  <testcase name="testMain_ValidBookingFlowWithSeatSelection" classname="org.gic.CinemaBookingSystemTest" time="0.014"/>
</testsuite>