<?xml version="1.0" encoding="UTF-8"?>
<testsuite xmlns:xsi="http://www.w3.org/2001/XMLSchema-instance" xsi:noNamespaceSchemaLocation="https://maven.apache.org/surefire/maven-surefire-plugin/xsd/surefire-test-report-3.0.xsd" version="3.0" name="org.gic.BookingManagerTest" time="0.18" tests="9" errors="0" skipped="0" failures="0">
  <properties>
[...]
</properties>
  <testcase name="testBookSeatsWithoutUserSelection" classname="org.gic.BookingManagerTest" time="0.026"/>
  <testcase name="testDisplayBookingId" classname="org.gic.BookingManagerTest" time="0.033">
    <system-out><![CDATA[
Successfully reserved 4 Test Movie tickets
Booking Id: GIC0001
Selected seats:

             Screen             
    -  -  -  -  -  -  -  -  -  - 
 E  •  •  •  •  •  •  •  •  •  • 
 D  •  •  •  •  •  •  •  •  •  • 
 C  •  •  •  •  •  •  •  •  •  • 
 B  •  •  •  •  •  •  •  •  •  • 
 A  •  •  •  ○  ○  ○  ○  •  •  • 
    1  2  3  4  5  6  7  8  9 10 

Booking Id: GIC0001 confirmed.

]]></system-out>
  </testcase>
  <testcase name="testConfirmSeats" classname="org.gic.BookingManagerTest" time="0.013">
    <system-out><![CDATA[
Successfully reserved 8 Test Movie tickets
Booking Id: GIC0001
Selected seats:

             Screen             
    -  -  -  -  -  -  -  -  -  - 
 E  •  •  •  •  •  •  •  •  •  • 
 D  •  •  •  •  •  •  •  •  •  • 
 C  •  •  •  •  •  •  •  •  •  • 
 B  •  •  •  •  •  •  •  •  •  • 
 A  •  ○  ○  ○  ○  ○  ○  ○  ○  • 
    1  2  3  4  5  6  7  8  9 10 

Booking Id: GIC0001 confirmed.

]]></system-out>
  </testcase>
  <testcase name="testShowBooking" classname="org.gic.BookingManagerTest" time="0.027">
    <system-out><![CDATA[
Successfully reserved 6 Test Movie tickets
Booking Id: GIC0001
Selected seats:

             Screen             
    -  -  -  -  -  -  -  -  -  - 
 E  •  •  •  •  •  •  •  •  •  • 
 D  •  •  •  •  •  •  •  •  •  • 
 C  •  •  •  •  •  •  •  •  •  • 
 B  •  •  •  •  •  •  •  •  •  • 
 A  •  •  ○  ○  ○  ○  ○  ○  •  • 
    1  2  3  4  5  6  7  8  9 10 

Booking Id: GIC0001 confirmed.


Booking Id: GIC0001
Selected seats:

             Screen             
    -  -  -  -  -  -  -  -  -  - 
 E  •  •  •  •  •  •  •  •  •  • 
 D  •  •  •  •  •  •  •  •  •  • 
 C  •  •  •  •  •  •  •  •  •  • 
 B  •  •  •  •  •  •  •  •  •  • 
 A  •  •  ○  ○  ○  ○  ○  ○  •  • 
    1  2  3  4  5  6  7  8  9 10 

]]></system-out>
  </testcase>
  <testcase name="testUpdateBooking" classname="org.gic.BookingManagerTest" time="0.012">
    <system-out><![CDATA[
Booking Id: GIC0000
Selected seats:

             Screen             
    -  -  -  -  -  -  -  -  -  - 
 E  •  •  •  •  •  •  •  •  •  • 
 D  •  •  •  •  •  •  •  •  •  • 
 C  •  •  ○  ○  ○  •  •  •  •  • 
 B  •  •  •  •  •  •  •  •  •  • 
 A  •  •  •  •  •  •  •  •  •  • 
    1  2  3  4  5  6  7  8  9 10 

Booking Id: GIC0000 confirmed.

]]></system-out>
  </testcase>
  <testcase name="testCheckAvailability" classname="org.gic.BookingManagerTest" time="0.012"/>
  <testcase name="testBookSeatsWithUserSelection" classname="org.gic.BookingManagerTest" time="0.0"/>
  <testcase name="testShowSeatMap" classname="org.gic.BookingManagerTest" time="0.0">
    <system-out><![CDATA[             Screen             
    -  -  -  -  -  -  -  -  -  - 
 E  •  •  •  •  •  •  •  •  •  • 
 D  •  •  •  •  •  •  •  •  •  • 
 C  •  •  •  •  •  •  •  •  •  • 
 B  •  •  •  •  •  •  •  •  •  • 
 A  ○  ○  ○  ○  ○  ○  ○  ○  ○  ○ 
    1  2  3  4  5  6  7  8  9 10 

]]></system-out>
  </testcase>
  <testcase name="testConstructor" classname="org.gic.BookingManagerTest" time="0.0"/>
</testsuite>